Build started 29/8/2014 10:15:55 AM.
     1>Project "C:\Users\Alex Olsen\Documents\Weed Killing Research Project\Image Processing System\Test Programs\Image Processing Environment\CUDA Kernels\CUDA Kernels.vcxproj" on node 3 (Build target(s)).
     1>AddCudaCompileDeps:
         C:\Program Files (x86)\Microsoft Visual Studio 11.0\VC\bin\cl.exe /E /nologo /showIncludes /TP /D__CUDACC__ /DWIN32 /D_DEBUG /D_CONSOLE /D_MBCS /I"C:\Program Files\NVIDIA GPU Computing Toolkit\CUDA\v6.0\include" /I"C:\Program Files\NVIDIA GPU Computing Toolkit\CUDA\v6.0\bin" /I"C:\Program Files\NVIDIA GPU Computing Toolkit\CUDA\v6.0\include" /I. /FIcuda_runtime.h /c "C:\Users\Alex Olsen\Documents\Weed Killing Research Project\Image Processing System\Test Programs\Image Processing Environment\CUDA Kernels\morphology.cu" 
       CudaBuild:
         Compiling CUDA source file morphology.cu...
         cmd.exe /C "C:\Users\Alex Olsen\AppData\Local\Temp\tmp5a6fc4dfb4c04ce1b32b0790a96faba6.cmd"
         "C:\Program Files\NVIDIA GPU Computing Toolkit\CUDA\v6.0\bin\nvcc.exe" -gencode=arch=compute_30,code=\"sm_30,compute_30\" --use-local-env --cl-version 2012 -ccbin "C:\Program Files (x86)\Microsoft Visual Studio 11.0\VC\bin"  -I"C:\Program Files\NVIDIA GPU Computing Toolkit\CUDA\v6.0\include" -I"C:\Program Files\NVIDIA GPU Computing Toolkit\CUDA\v6.0\include"  -G  --keep --keep-dir Debug -maxrregcount=0  --machine 32 --compile -cudart static  -g   -DWIN32 -D_DEBUG -D_CONSOLE -D_MBCS -Xcompiler "/EHsc /W3 /nologo /Od /Zi /RTC1 /MDd  " -o Debug\morphology.cu.obj "C:\Users\Alex Olsen\Documents\Weed Killing Research Project\Image Processing System\Test Programs\Image Processing Environment\CUDA Kernels\morphology.cu"
         
         C:\Users\Alex Olsen\Documents\Weed Killing Research Project\Image Processing System\Test Programs\Image Processing Environment\CUDA Kernels>"C:\Program Files\NVIDIA GPU Computing Toolkit\CUDA\v6.0\bin\nvcc.exe" -gencode=arch=compute_30,code=\"sm_30,compute_30\" --use-local-env --cl-version 2012 -ccbin "C:\Program Files (x86)\Microsoft Visual Studio 11.0\VC\bin"  -I"C:\Program Files\NVIDIA GPU Computing Toolkit\CUDA\v6.0\include" -I"C:\Program Files\NVIDIA GPU Computing Toolkit\CUDA\v6.0\include"  -G  --keep --keep-dir Debug -maxrregcount=0  --machine 32 --compile -cudart static  -g   -DWIN32 -D_DEBUG -D_CONSOLE -D_MBCS -Xcompiler "/EHsc /W3 /nologo /Od /Zi /RTC1 /MDd  " -o Debug\morphology.cu.obj "C:\Users\Alex Olsen\Documents\Weed Killing Research Project\Image Processing System\Test Programs\Image Processing Environment\CUDA Kernels\morphology.cu" 
         morphology.cu
       Link:
         C:\Program Files (x86)\Microsoft Visual Studio 11.0\VC\bin\link.exe /ERRORREPORT:PROMPT /OUT:"C:\Users\Alex Olsen\Documents\Weed Killing Research Project\Image Processing System\Test Programs\Image Processing Environment\Debug\CUDA Kernels.exe" /INCREMENTAL /NOLOGO /LIBPATH:"C:\Program Files\NVIDIA GPU Computing Toolkit\CUDA\v6.0\lib\Win32" cudart.lib kernel32.lib user32.lib gdi32.lib winspool.lib comdlg32.lib advapi32.lib shell32.lib ole32.lib oleaut32.lib uuid.lib odbc32.lib odbccp32.lib kernel32.lib user32.lib gdi32.lib winspool.lib comdlg32.lib advapi32.lib shell32.lib ole32.lib oleaut32.lib uuid.lib odbc32.lib odbccp32.lib /MANIFEST /MANIFESTUAC:"level='asInvoker' uiAccess='false'" /manifest:embed /DEBUG /PDB:"C:\Users\Alex Olsen\Documents\Weed Killing Research Project\Image Processing System\Test Programs\Image Processing Environment\Debug\CUDA Kernels.pdb" /SUBSYSTEM:CONSOLE /TLBID:1 /DYNAMICBASE /NXCOMPAT /IMPLIB:"C:\Users\Alex Olsen\Documents\Weed Killing Research Project\Image Processing System\Test Programs\Image Processing Environment\Debug\CUDA Kernels.lib" /MACHINE:X86 Debug\morphology.cu.obj
         Debug\threshold.cu.obj
         CUDA Kernels.vcxproj -> C:\Users\Alex Olsen\Documents\Weed Killing Research Project\Image Processing System\Test Programs\Image Processing Environment\Debug\CUDA Kernels.exe
       PostBuildEvent:
         echo copy "C:\Program Files\NVIDIA GPU Computing Toolkit\CUDA\v6.0\bin\cudart*.dll" "C:\Users\Alex Olsen\Documents\Weed Killing Research Project\Image Processing System\Test Programs\Image Processing Environment\Debug\"
         copy "C:\Program Files\NVIDIA GPU Computing Toolkit\CUDA\v6.0\bin\cudart*.dll" "C:\Users\Alex Olsen\Documents\Weed Killing Research Project\Image Processing System\Test Programs\Image Processing Environment\Debug\"
         :VCEnd
         copy "C:\Program Files\NVIDIA GPU Computing Toolkit\CUDA\v6.0\bin\cudart*.dll" "C:\Users\Alex Olsen\Documents\Weed Killing Research Project\Image Processing System\Test Programs\Image Processing Environment\Debug\"
         C:\Program Files\NVIDIA GPU Computing Toolkit\CUDA\v6.0\bin\cudart32_60.dll
         C:\Program Files\NVIDIA GPU Computing Toolkit\CUDA\v6.0\bin\cudart64_60.dll
                 2 file(s) copied.
     1>Done Building Project "C:\Users\Alex Olsen\Documents\Weed Killing Research Project\Image Processing System\Test Programs\Image Processing Environment\CUDA Kernels\CUDA Kernels.vcxproj" (Build target(s)).

Build succeeded.

Time Elapsed 00:00:03.61
